<?xml version="1.0" encoding="utf-8"?>
<TestRun id="b7106c71-62c2-471a-827f-57971af33d8c" name="Darren@DESKTOP-8LAH5J8 2024-02-29 07:14:56" runUser="DESKTOP-8LAH5J8\Darren" xmlns="http://microsoft.com/schemas/VisualStudio/TeamTest/2010">
  <Times creation="2024-02-29T07:14:56.9069768-05:00" queuing="2024-02-29T07:14:56.9069768-05:00" start="2024-02-29T07:14:53.5793376-05:00" finish="2024-02-29T07:15:14.1160252-05:00" />
  <TestSettings name="default" id="f149bb6c-0a52-406b-bd40-0729e21091f2">
    <Deployment runDeploymentRoot="Darren_DESKTOP-8LAH5J8_2024-02-29_07_14_56" />
  </TestSettings>
  <Results>
    <UnitTestResult executionId="ec9c04de-eeca-454b-83d6-ac4ee18a0ef5" testId="13788aa9-b312-8c37-9712-5501c601dcfb" testName="UnableToAddToCartMissingQuantity" computerName="DESKTOP-8LAH5J8" duration="00:00:03.4437885" startTime="2024-02-29T07:15:00.2477630-05:00" endTime="2024-02-29T07:15:03.6918863-05:00" testType="13cdc9d9-ddb5-4fa4-a97d-d965ccfc6d4b" outcome="Passed" testListId="8c84fa94-04c1-424b-9868-57a2d4851a1d" relativeResultsDirectory="ec9c04de-eeca-454b-83d6-ac4ee18a0ef5" />
    <UnitTestResult executionId="38aad850-b2bd-4ce5-a7e8-e6e5ad5b1dcd" testId="032c0885-a57c-8b8c-7984-c9fc3b1ce710" testName="AddingToShoppingCartUpdatesCounterIcon" computerName="DESKTOP-8LAH5J8" duration="00:00:05.3067912" startTime="2024-02-29T07:15:08.7514260-05:00" endTime="2024-02-29T07:15:14.0597555-05:00" testType="13cdc9d9-ddb5-4fa4-a97d-d965ccfc6d4b" outcome="Passed" testListId="8c84fa94-04c1-424b-9868-57a2d4851a1d" relativeResultsDirectory="38aad850-b2bd-4ce5-a7e8-e6e5ad5b1dcd" />
    <UnitTestResult executionId="46a7f9c8-d3b3-4962-8189-dfd647d8a867" testId="eee6827c-319b-e15f-ed39-ad2f940b5a9e" testName="UnableToAddToCartMissingColor" computerName="DESKTOP-8LAH5J8" duration="00:00:03.4798815" startTime="2024-02-29T07:14:56.7665159-05:00" endTime="2024-02-29T07:15:00.2466765-05:00" testType="13cdc9d9-ddb5-4fa4-a97d-d965ccfc6d4b" outcome="Passed" testListId="8c84fa94-04c1-424b-9868-57a2d4851a1d" relativeResultsDirectory="46a7f9c8-d3b3-4962-8189-dfd647d8a867" />
    <UnitTestResult executionId="33f242e9-83b0-4dec-8dd3-8a49475bcaa8" testId="add8dfda-618c-7b30-1ad5-26fde67ed460" testName="UnableToAddToCartMissingSize" computerName="DESKTOP-8LAH5J8" duration="00:00:02.8241353" startTime="2024-02-29T07:14:53.9326261-05:00" endTime="2024-02-29T07:14:56.7636154-05:00" testType="13cdc9d9-ddb5-4fa4-a97d-d965ccfc6d4b" outcome="Passed" testListId="8c84fa94-04c1-424b-9868-57a2d4851a1d" relativeResultsDirectory="33f242e9-83b0-4dec-8dd3-8a49475bcaa8">
      <Output>
        <StdOut>Strike</StdOut>
      </Output>
    </UnitTestResult>
    <UnitTestResult executionId="5dae52d0-17dc-4dda-b67a-3ef33810007a" testId="cc518b73-88d8-a00c-d673-0f0c58c218db" testName="SearchedKeywordInAllResults" computerName="DESKTOP-8LAH5J8" duration="00:00:05.0581505" startTime="2024-02-29T07:15:03.6922625-05:00" endTime="2024-02-29T07:15:08.7510300-05:00" testType="13cdc9d9-ddb5-4fa4-a97d-d965ccfc6d4b" outcome="Failed" testListId="8c84fa94-04c1-424b-9868-57a2d4851a1d" relativeResultsDirectory="5dae52d0-17dc-4dda-b67a-3ef33810007a">
      <Output>
        <ErrorInfo>
          <Message>Test method SeleniumPOM_LumaStore_Demo.Tests.SearchTests.SearchedKeywordInAllResults threw exception: &#xD;
OpenQA.Selenium.StaleElementReferenceException: stale element reference: stale element not found
  (Session info: chrome=122.0.6261.70); For documentation on this error, please visit: https://www.selenium.dev/documentation/webdriver/troubleshooting/errors#stale-element-reference-exception</Message>
          <StackTrace>    at OpenQA.Selenium.WebDriver.UnpackAndThrowOnError(Response errorResponse, String commandToExecute)&#xD;
   at OpenQA.Selenium.WebDriver.Execute(String driverCommandToExecute, Dictionary`2 parameters)&#xD;
   at OpenQA.Selenium.WebDriver.InternalExecute(String driverCommandToExecute, Dictionary`2 parameters)&#xD;
   at OpenQA.Selenium.WebElement.Execute(String commandToExecute, Dictionary`2 parameters)&#xD;
   at OpenQA.Selenium.WebElement.FindElement(String mechanism, String value)&#xD;
   at OpenQA.Selenium.By.&lt;.ctor&gt;b__11_0(ISearchContext context)&#xD;
   at OpenQA.Selenium.By.FindElement(ISearchContext context)&#xD;
   at OpenQA.Selenium.WebElement.FindElement(By by)&#xD;
   at SeleniumPOM_LumaStore_Demo.Pages.ProductSquare.get_ProductName() in D:\Source\Repos\SeleniumPOM-LumaStore-Demo\SeleniumPOM-LumaStore-Demo\Pages\Components\ProductSquare.cs:line 31&#xD;
   at SeleniumPOM_LumaStore_Demo.Tests.SearchTests.&lt;&gt;c__DisplayClass0_0.&lt;SearchedKeywordInAllResults&gt;b__0(ProductSquare prodEle) in D:\Source\Repos\SeleniumPOM-LumaStore-Demo\SeleniumPOM-LumaStore-Demo\Tests\SearchTests.cs:line 30&#xD;
   at System.Collections.Generic.List`1.FindAll(Predicate`1 match)&#xD;
   at SeleniumPOM_LumaStore_Demo.Pages.ProductGrid.GetAllMatchingProducts(Predicate`1 match) in D:\Source\Repos\SeleniumPOM-LumaStore-Demo\SeleniumPOM-LumaStore-Demo\Pages\Components\ProductGrid.cs:line 37&#xD;
   at SeleniumPOM_LumaStore_Demo.Tests.SearchTests.SearchedKeywordInAllResults() in D:\Source\Repos\SeleniumPOM-LumaStore-Demo\SeleniumPOM-LumaStore-Demo\Tests\SearchTests.cs:line 30&#xD;
   at System.RuntimeMethodHandle.InvokeMethod(Object target, Void** arguments, Signature sig, Boolean isConstructor)&#xD;
   at System.Reflection.MethodBaseInvoker.InvokeWithNoArgs(Object obj, BindingFlags invokeAttr)&#xD;
</StackTrace>
        </ErrorInfo>
      </Output>
    </UnitTestResult>
  </Results>
  <TestDefinitions>
    <UnitTest name="UnableToAddToCartMissingQuantity" storage="d:\source\repos\seleniumpom-lumastore-demo\seleniumpom-lumastore-demo\bin\debug\net8.0\seleniumpom-lumastore-demo.dll" id="13788aa9-b312-8c37-9712-5501c601dcfb">
      <TestCategory>
        <TestCategoryItem TestCategory="Product page tests for clothing items" />
      </TestCategory>
      <Execution id="ec9c04de-eeca-454b-83d6-ac4ee18a0ef5" />
      <TestMethod codeBase="D:\Source\Repos\SeleniumPOM-LumaStore-Demo\SeleniumPOM-LumaStore-Demo\bin\debug\net8.0\SeleniumPOM-LumaStore-Demo.dll" adapterTypeName="executor://mstestadapter/v2" className="SeleniumPOM_LumaStore_Demo.Tests.ClothingCheckoutTests" name="UnableToAddToCartMissingQuantity" />
    </UnitTest>
    <UnitTest name="AddingToShoppingCartUpdatesCounterIcon" storage="d:\source\repos\seleniumpom-lumastore-demo\seleniumpom-lumastore-demo\bin\debug\net8.0\seleniumpom-lumastore-demo.dll" id="032c0885-a57c-8b8c-7984-c9fc3b1ce710">
      <TestCategory>
        <TestCategoryItem TestCategory="Add/Remove From Shopping Cards" />
      </TestCategory>
      <Execution id="38aad850-b2bd-4ce5-a7e8-e6e5ad5b1dcd" />
      <TestMethod codeBase="D:\Source\Repos\SeleniumPOM-LumaStore-Demo\SeleniumPOM-LumaStore-Demo\bin\debug\net8.0\SeleniumPOM-LumaStore-Demo.dll" adapterTypeName="executor://mstestadapter/v2" className="SeleniumPOM_LumaStore_Demo.Tests.ShoppingCartTests" name="AddingToShoppingCartUpdatesCounterIcon" />
    </UnitTest>
    <UnitTest name="UnableToAddToCartMissingColor" storage="d:\source\repos\seleniumpom-lumastore-demo\seleniumpom-lumastore-demo\bin\debug\net8.0\seleniumpom-lumastore-demo.dll" id="eee6827c-319b-e15f-ed39-ad2f940b5a9e">
      <TestCategory>
        <TestCategoryItem TestCategory="Product page tests for clothing items" />
      </TestCategory>
      <Execution id="46a7f9c8-d3b3-4962-8189-dfd647d8a867" />
      <TestMethod codeBase="D:\Source\Repos\SeleniumPOM-LumaStore-Demo\SeleniumPOM-LumaStore-Demo\bin\debug\net8.0\SeleniumPOM-LumaStore-Demo.dll" adapterTypeName="executor://mstestadapter/v2" className="SeleniumPOM_LumaStore_Demo.Tests.ClothingCheckoutTests" name="UnableToAddToCartMissingColor" />
    </UnitTest>
    <UnitTest name="UnableToAddToCartMissingSize" storage="d:\source\repos\seleniumpom-lumastore-demo\seleniumpom-lumastore-demo\bin\debug\net8.0\seleniumpom-lumastore-demo.dll" id="add8dfda-618c-7b30-1ad5-26fde67ed460">
      <TestCategory>
        <TestCategoryItem TestCategory="Product page tests for clothing items" />
      </TestCategory>
      <Execution id="33f242e9-83b0-4dec-8dd3-8a49475bcaa8" />
      <TestMethod codeBase="D:\Source\Repos\SeleniumPOM-LumaStore-Demo\SeleniumPOM-LumaStore-Demo\bin\debug\net8.0\SeleniumPOM-LumaStore-Demo.dll" adapterTypeName="executor://mstestadapter/v2" className="SeleniumPOM_LumaStore_Demo.Tests.ClothingCheckoutTests" name="UnableToAddToCartMissingSize" />
    </UnitTest>
    <UnitTest name="SearchedKeywordInAllResults" storage="d:\source\repos\seleniumpom-lumastore-demo\seleniumpom-lumastore-demo\bin\debug\net8.0\seleniumpom-lumastore-demo.dll" id="cc518b73-88d8-a00c-d673-0f0c58c218db">
      <TestCategory>
        <TestCategoryItem TestCategory="Search and results tests" />
      </TestCategory>
      <Execution id="5dae52d0-17dc-4dda-b67a-3ef33810007a" />
      <TestMethod codeBase="D:\Source\Repos\SeleniumPOM-LumaStore-Demo\SeleniumPOM-LumaStore-Demo\bin\debug\net8.0\SeleniumPOM-LumaStore-Demo.dll" adapterTypeName="executor://mstestadapter/v2" className="SeleniumPOM_LumaStore_Demo.Tests.SearchTests" name="SearchedKeywordInAllResults" />
    </UnitTest>
  </TestDefinitions>
  <TestEntries>
    <TestEntry testId="13788aa9-b312-8c37-9712-5501c601dcfb" executionId="ec9c04de-eeca-454b-83d6-ac4ee18a0ef5" testListId="8c84fa94-04c1-424b-9868-57a2d4851a1d" />
    <TestEntry testId="032c0885-a57c-8b8c-7984-c9fc3b1ce710" executionId="38aad850-b2bd-4ce5-a7e8-e6e5ad5b1dcd" testListId="8c84fa94-04c1-424b-9868-57a2d4851a1d" />
    <TestEntry testId="eee6827c-319b-e15f-ed39-ad2f940b5a9e" executionId="46a7f9c8-d3b3-4962-8189-dfd647d8a867" testListId="8c84fa94-04c1-424b-9868-57a2d4851a1d" />
    <TestEntry testId="add8dfda-618c-7b30-1ad5-26fde67ed460" executionId="33f242e9-83b0-4dec-8dd3-8a49475bcaa8" testListId="8c84fa94-04c1-424b-9868-57a2d4851a1d" />
    <TestEntry testId="cc518b73-88d8-a00c-d673-0f0c58c218db" executionId="5dae52d0-17dc-4dda-b67a-3ef33810007a" testListId="8c84fa94-04c1-424b-9868-57a2d4851a1d" />
  </TestEntries>
  <TestLists>
    <TestList name="Results Not in a List" id="8c84fa94-04c1-424b-9868-57a2d4851a1d" />
    <TestList name="All Loaded Results" id="19431567-8539-422a-85d7-44ee4e166bda" />
  </TestLists>
  <ResultSummary outcome="Failed">
    <Counters total="5" executed="5" passed="4" failed="1" error="0" timeout="0" aborted="0" inconclusive="0" passedButRunAborted="0" notRunnable="0" notExecuted="0" disconnected="0" warning="0" completed="0" inProgress="0" pending="0" />
  </ResultSummary>
</TestRun>